<?xml version="1.0" encoding="UTF-8"?>
<robot generator="Robot 7.0 (Python 3.11.5 on darwin)" generated="2024-07-02T11:28:02.911728" rpa="false" schemaversion="5">
<suite id="s1" name="Picpay" source="/Users/Automacao_Home/tests/picpay.robot">
<test id="s1-t1" name="Exibição dos itens" line="29">
<kw name="Open lambda test app" owner="base" type="SETUP">
<kw name="Create Dictionary" owner="BuiltIn">
<msg time="2024-07-02T11:28:02.980376" level="INFO">${CAPABILITIES} = {'platformName': 'ios', 'platformVersion': '17', 'deviceName': 'iPhone 15', 'visual': 'True', 'network': 'True', 'devicelog': 'True', 'isRealMobile': 'True', 'name': 'LT_Appium_Robot_App_iOS', 'build'...</msg>
<var>${CAPABILITIES}</var>
<arg>platformName=${platformName}</arg>
<arg>platformVersion=${version}</arg>
<arg>deviceName=${deviceName}</arg>
<arg>visual=${visual}</arg>
<arg>network=${network}</arg>
<arg>devicelog=${devicelog}</arg>
<arg>isRealMobile=${isRealMobile}</arg>
<arg>name=LT_Appium_Robot_App_iOS</arg>
<arg>build=LT_Appium_Robot_App_Automation</arg>
<arg>app=${LT_APP_ID}</arg>
<doc>Creates and returns a dictionary based on the given ``items``.</doc>
<status status="PASS" start="2024-07-02T11:28:02.980172" elapsed="0.000218"/>
</kw>
<kw name="Set Variable" owner="BuiltIn">
<msg time="2024-07-02T11:28:02.980547" level="INFO">${REMOTE_URL} = https://fabricio.santos:qKjyRUVdbDo01XDl3qdK7hdbWHbCFTQNdknvqvbvHhjDLA8Dod@hub.lambdatest.com/wd/hub</msg>
<var>${REMOTE_URL}</var>
<arg>https://${LT_USERNAME}:${LT_ACCESS_KEY}@hub.lambdatest.com/wd/hub</arg>
<doc>Returns the given values which can then be assigned to a variables.</doc>
<status status="PASS" start="2024-07-02T11:28:02.980461" elapsed="0.000095"/>
</kw>
<kw name="Open Application" owner="AppiumLibrary">
<kw name="Capture Page Screenshot" owner="AppiumLibrary">
<doc>Takes a screenshot of the current page and embeds it into the log.</doc>
<status status="FAIL" start="2024-07-02T11:28:03.791219" elapsed="0.004136">No application is open</status>
</kw>
<msg time="2024-07-02T11:28:03.791733" level="FAIL">No application is open</msg>
<msg time="2024-07-02T11:28:03.797643" level="WARN">Keyword 'Capture Page Screenshot' could not be run on failure: No application is open</msg>
<msg time="2024-07-02T11:28:03.797908" level="FAIL">WebDriverException: Message: Looks like browser capability is missing, please refer to capability generator https://www.lambdatest.com/capabilities-generator or contact support
</msg>
<arg>${REMOTE_URL}</arg>
<arg>${CAPABILITIES}</arg>
<doc>Opens a new application to given Appium server.
Capabilities of appium server, Android and iOS,
Please check https://github.com/appium/appium/blob/master/docs/en/writing-running-appium/server-args.md
| *Option*            | *Man.* | *Description*     |
| remote_url          | Yes    | Appium server url |
| alias               | no     | alias             |
| strict_ssl          | No     | allows you to send commands to an invalid certificate host like a self-signed one. |</doc>
<status status="FAIL" start="2024-07-02T11:28:02.980606" elapsed="0.818024">WebDriverException: Message: Looks like browser capability is missing, please refer to capability generator https://www.lambdatest.com/capabilities-generator or contact support
</status>
</kw>
<timeout value="50 minutes"/>
<status status="FAIL" start="2024-07-02T11:28:02.979918" elapsed="0.818875">WebDriverException: Message: Looks like browser capability is missing, please refer to capability generator https://www.lambdatest.com/capabilities-generator or contact support
</status>
</kw>
<kw name="Finish session" owner="base" type="TEARDOWN">
<kw name="Capture Page Screenshot" owner="AppiumLibrary">
<kw name="Capture Page Screenshot" owner="AppiumLibrary">
<msg time="2024-07-02T11:28:03.799832" level="FAIL">No application is open</msg>
<doc>Takes a screenshot of the current page and embeds it into the log.</doc>
<status status="FAIL" start="2024-07-02T11:28:03.799688" elapsed="0.000523">No application is open</status>
</kw>
<msg time="2024-07-02T11:28:03.801968" level="WARN">Keyword 'Capture Page Screenshot' could not be run on failure: No application is open</msg>
<msg time="2024-07-02T11:28:03.802097" level="FAIL">No application is open</msg>
<doc>Takes a screenshot of the current page and embeds it into the log.</doc>
<status status="FAIL" start="2024-07-02T11:28:03.799461" elapsed="0.002872">No application is open</status>
</kw>
<kw name="Close All Applications" owner="AppiumLibrary">
<doc>Closes all open applications.</doc>
<status status="PASS" start="2024-07-02T11:28:03.802457" elapsed="0.001858"/>
</kw>
<status status="FAIL" start="2024-07-02T11:28:03.799155" elapsed="0.005274">No application is open</status>
</kw>
<tag>dia_a_dia</tag>
<status status="FAIL" start="2024-07-02T11:28:02.979663" elapsed="0.824881">Setup failed:
WebDriverException: Message: Looks like browser capability is missing, please refer to capability generator https://www.lambdatest.com/capabilities-generator or contact support


Also teardown failed:
No application is open</status>
</test>
<test id="s1-t2" name=" Item com tag" line="35">
<kw name="Open lambda test app" owner="base" type="SETUP">
<kw name="Create Dictionary" owner="BuiltIn">
<msg time="2024-07-02T11:28:03.805762" level="INFO">${CAPABILITIES} = {'platformName': 'ios', 'platformVersion': '17', 'deviceName': 'iPhone 15', 'visual': 'True', 'network': 'True', 'devicelog': 'True', 'isRealMobile': 'True', 'name': 'LT_Appium_Robot_App_iOS', 'build'...</msg>
<var>${CAPABILITIES}</var>
<arg>platformName=${platformName}</arg>
<arg>platformVersion=${version}</arg>
<arg>deviceName=${deviceName}</arg>
<arg>visual=${visual}</arg>
<arg>network=${network}</arg>
<arg>devicelog=${devicelog}</arg>
<arg>isRealMobile=${isRealMobile}</arg>
<arg>name=LT_Appium_Robot_App_iOS</arg>
<arg>build=LT_Appium_Robot_App_Automation</arg>
<arg>app=${LT_APP_ID}</arg>
<doc>Creates and returns a dictionary based on the given ``items``.</doc>
<status status="PASS" start="2024-07-02T11:28:03.805387" elapsed="0.000397"/>
</kw>
<kw name="Set Variable" owner="BuiltIn">
<msg time="2024-07-02T11:28:03.806086" level="INFO">${REMOTE_URL} = https://fabricio.santos:qKjyRUVdbDo01XDl3qdK7hdbWHbCFTQNdknvqvbvHhjDLA8Dod@hub.lambdatest.com/wd/hub</msg>
<var>${REMOTE_URL}</var>
<arg>https://${LT_USERNAME}:${LT_ACCESS_KEY}@hub.lambdatest.com/wd/hub</arg>
<doc>Returns the given values which can then be assigned to a variables.</doc>
<status status="PASS" start="2024-07-02T11:28:03.805907" elapsed="0.000195"/>
</kw>
<kw name="Open Application" owner="AppiumLibrary">
<kw name="Capture Page Screenshot" owner="AppiumLibrary">
<doc>Takes a screenshot of the current page and embeds it into the log.</doc>
<status status="FAIL" start="2024-07-02T11:28:04.481926" elapsed="0.001920">No application is open</status>
</kw>
<msg time="2024-07-02T11:28:04.482513" level="FAIL">No application is open</msg>
<msg time="2024-07-02T11:28:04.486232" level="WARN">Keyword 'Capture Page Screenshot' could not be run on failure: No application is open</msg>
<msg time="2024-07-02T11:28:04.486509" level="FAIL">WebDriverException: Message: Looks like browser capability is missing, please refer to capability generator https://www.lambdatest.com/capabilities-generator or contact support
</msg>
<arg>${REMOTE_URL}</arg>
<arg>${CAPABILITIES}</arg>
<doc>Opens a new application to given Appium server.
Capabilities of appium server, Android and iOS,
Please check https://github.com/appium/appium/blob/master/docs/en/writing-running-appium/server-args.md
| *Option*            | *Man.* | *Description*     |
| remote_url          | Yes    | Appium server url |
| alias               | no     | alias             |
| strict_ssl          | No     | allows you to send commands to an invalid certificate host like a self-signed one. |</doc>
<status status="FAIL" start="2024-07-02T11:28:03.806196" elapsed="0.681104">WebDriverException: Message: Looks like browser capability is missing, please refer to capability generator https://www.lambdatest.com/capabilities-generator or contact support
</status>
</kw>
<timeout value="50 minutes"/>
<status status="FAIL" start="2024-07-02T11:28:03.805044" elapsed="0.682429">WebDriverException: Message: Looks like browser capability is missing, please refer to capability generator https://www.lambdatest.com/capabilities-generator or contact support
</status>
</kw>
<kw name="Finish session" owner="base" type="TEARDOWN">
<kw name="Capture Page Screenshot" owner="AppiumLibrary">
<kw name="Capture Page Screenshot" owner="AppiumLibrary">
<msg time="2024-07-02T11:28:04.488706" level="FAIL">No application is open</msg>
<doc>Takes a screenshot of the current page and embeds it into the log.</doc>
<status status="FAIL" start="2024-07-02T11:28:04.488555" elapsed="0.000610">No application is open</status>
</kw>
<msg time="2024-07-02T11:28:04.490941" level="WARN">Keyword 'Capture Page Screenshot' could not be run on failure: No application is open</msg>
<msg time="2024-07-02T11:28:04.491067" level="FAIL">No application is open</msg>
<doc>Takes a screenshot of the current page and embeds it into the log.</doc>
<status status="FAIL" start="2024-07-02T11:28:04.488319" elapsed="0.002991">No application is open</status>
</kw>
<kw name="Close All Applications" owner="AppiumLibrary">
<doc>Closes all open applications.</doc>
<status status="PASS" start="2024-07-02T11:28:04.491428" elapsed="0.001783"/>
</kw>
<status status="FAIL" start="2024-07-02T11:28:04.487986" elapsed="0.005326">No application is open</status>
</kw>
<tag>dia_a_dia</tag>
<status status="FAIL" start="2024-07-02T11:28:03.804744" elapsed="0.688641">Setup failed:
WebDriverException: Message: Looks like browser capability is missing, please refer to capability generator https://www.lambdatest.com/capabilities-generator or contact support


Also teardown failed:
No application is open</status>
</test>
<test id="s1-t3" name="Exibição dos itens no carrossel" line="41">
<tag>robot:skip</tag>
<status status="SKIP" start="2024-07-02T11:28:04.493590" elapsed="0.000369">Test skipped using 'robot:skip' tag.</status>
</test>
<test id="s1-t4" name="Validar menu pix" line="47">
<kw name="Open lambda test app" owner="base" type="SETUP">
<kw name="Create Dictionary" owner="BuiltIn">
<msg time="2024-07-02T11:28:04.495021" level="INFO">${CAPABILITIES} = {'platformName': 'ios', 'platformVersion': '17', 'deviceName': 'iPhone 15', 'visual': 'True', 'network': 'True', 'devicelog': 'True', 'isRealMobile': 'True', 'name': 'LT_Appium_Robot_App_iOS', 'build'...</msg>
<var>${CAPABILITIES}</var>
<arg>platformName=${platformName}</arg>
<arg>platformVersion=${version}</arg>
<arg>deviceName=${deviceName}</arg>
<arg>visual=${visual}</arg>
<arg>network=${network}</arg>
<arg>devicelog=${devicelog}</arg>
<arg>isRealMobile=${isRealMobile}</arg>
<arg>name=LT_Appium_Robot_App_iOS</arg>
<arg>build=LT_Appium_Robot_App_Automation</arg>
<arg>app=${LT_APP_ID}</arg>
<doc>Creates and returns a dictionary based on the given ``items``.</doc>
<status status="PASS" start="2024-07-02T11:28:04.494635" elapsed="0.000409"/>
</kw>
<kw name="Set Variable" owner="BuiltIn">
<msg time="2024-07-02T11:28:04.495342" level="INFO">${REMOTE_URL} = https://fabricio.santos:qKjyRUVdbDo01XDl3qdK7hdbWHbCFTQNdknvqvbvHhjDLA8Dod@hub.lambdatest.com/wd/hub</msg>
<var>${REMOTE_URL}</var>
<arg>https://${LT_USERNAME}:${LT_ACCESS_KEY}@hub.lambdatest.com/wd/hub</arg>
<doc>Returns the given values which can then be assigned to a variables.</doc>
<status status="PASS" start="2024-07-02T11:28:04.495166" elapsed="0.000191"/>
</kw>
<kw name="Open Application" owner="AppiumLibrary">
<kw name="Capture Page Screenshot" owner="AppiumLibrary">
<doc>Takes a screenshot of the current page and embeds it into the log.</doc>
<status status="FAIL" start="2024-07-02T11:28:05.155016" elapsed="0.002118">No application is open</status>
</kw>
<msg time="2024-07-02T11:28:05.156043" level="FAIL">No application is open</msg>
<msg time="2024-07-02T11:28:05.159489" level="WARN">Keyword 'Capture Page Screenshot' could not be run on failure: No application is open</msg>
<msg time="2024-07-02T11:28:05.159789" level="FAIL">WebDriverException: Message: Looks like browser capability is missing, please refer to capability generator https://www.lambdatest.com/capabilities-generator or contact support
</msg>
<arg>${REMOTE_URL}</arg>
<arg>${CAPABILITIES}</arg>
<doc>Opens a new application to given Appium server.
Capabilities of appium server, Android and iOS,
Please check https://github.com/appium/appium/blob/master/docs/en/writing-running-appium/server-args.md
| *Option*            | *Man.* | *Description*     |
| remote_url          | Yes    | Appium server url |
| alias               | no     | alias             |
| strict_ssl          | No     | allows you to send commands to an invalid certificate host like a self-signed one. |</doc>
<status status="FAIL" start="2024-07-02T11:28:04.495450" elapsed="0.665210">WebDriverException: Message: Looks like browser capability is missing, please refer to capability generator https://www.lambdatest.com/capabilities-generator or contact support
</status>
</kw>
<timeout value="50 minutes"/>
<status status="FAIL" start="2024-07-02T11:28:04.494364" elapsed="0.666467">WebDriverException: Message: Looks like browser capability is missing, please refer to capability generator https://www.lambdatest.com/capabilities-generator or contact support
</status>
</kw>
<kw name="Finish session" owner="base" type="TEARDOWN">
<kw name="Capture Page Screenshot" owner="AppiumLibrary">
<kw name="Capture Page Screenshot" owner="AppiumLibrary">
<msg time="2024-07-02T11:28:05.161929" level="FAIL">No application is open</msg>
<doc>Takes a screenshot of the current page and embeds it into the log.</doc>
<status status="FAIL" start="2024-07-02T11:28:05.161796" elapsed="0.000582">No application is open</status>
</kw>
<msg time="2024-07-02T11:28:05.164206" level="WARN">Keyword 'Capture Page Screenshot' could not be run on failure: No application is open</msg>
<msg time="2024-07-02T11:28:05.164319" level="FAIL">No application is open</msg>
<doc>Takes a screenshot of the current page and embeds it into the log.</doc>
<status status="FAIL" start="2024-07-02T11:28:05.161573" elapsed="0.002977">No application is open</status>
</kw>
<kw name="Close All Applications" owner="AppiumLibrary">
<doc>Closes all open applications.</doc>
<status status="PASS" start="2024-07-02T11:28:05.164660" elapsed="0.001931"/>
</kw>
<status status="FAIL" start="2024-07-02T11:28:05.161246" elapsed="0.005462">No application is open</status>
</kw>
<tag>dia_a_dia</tag>
<status status="FAIL" start="2024-07-02T11:28:04.494098" elapsed="0.672697">Setup failed:
WebDriverException: Message: Looks like browser capability is missing, please refer to capability generator https://www.lambdatest.com/capabilities-generator or contact support


Also teardown failed:
No application is open</status>
</test>
<test id="s1-t5" name="Validar menu pagar boletos" line="53">
<kw name="Open lambda test app" owner="base" type="SETUP">
<kw name="Create Dictionary" owner="BuiltIn">
<msg time="2024-07-02T11:28:05.168017" level="INFO">${CAPABILITIES} = {'platformName': 'ios', 'platformVersion': '17', 'deviceName': 'iPhone 15', 'visual': 'True', 'network': 'True', 'devicelog': 'True', 'isRealMobile': 'True', 'name': 'LT_Appium_Robot_App_iOS', 'build'...</msg>
<var>${CAPABILITIES}</var>
<arg>platformName=${platformName}</arg>
<arg>platformVersion=${version}</arg>
<arg>deviceName=${deviceName}</arg>
<arg>visual=${visual}</arg>
<arg>network=${network}</arg>
<arg>devicelog=${devicelog}</arg>
<arg>isRealMobile=${isRealMobile}</arg>
<arg>name=LT_Appium_Robot_App_iOS</arg>
<arg>build=LT_Appium_Robot_App_Automation</arg>
<arg>app=${LT_APP_ID}</arg>
<doc>Creates and returns a dictionary based on the given ``items``.</doc>
<status status="PASS" start="2024-07-02T11:28:05.167620" elapsed="0.000419"/>
</kw>
<kw name="Set Variable" owner="BuiltIn">
<msg time="2024-07-02T11:28:05.168372" level="INFO">${REMOTE_URL} = https://fabricio.santos:qKjyRUVdbDo01XDl3qdK7hdbWHbCFTQNdknvqvbvHhjDLA8Dod@hub.lambdatest.com/wd/hub</msg>
<var>${REMOTE_URL}</var>
<arg>https://${LT_USERNAME}:${LT_ACCESS_KEY}@hub.lambdatest.com/wd/hub</arg>
<doc>Returns the given values which can then be assigned to a variables.</doc>
<status status="PASS" start="2024-07-02T11:28:05.168167" elapsed="0.000222"/>
</kw>
<kw name="Open Application" owner="AppiumLibrary">
<kw name="Capture Page Screenshot" owner="AppiumLibrary">
<doc>Takes a screenshot of the current page and embeds it into the log.</doc>
<status status="FAIL" start="2024-07-02T11:28:05.974932" elapsed="0.003606">No application is open</status>
</kw>
<msg time="2024-07-02T11:28:05.975880" level="FAIL">No application is open</msg>
<msg time="2024-07-02T11:28:05.984382" level="WARN">Keyword 'Capture Page Screenshot' could not be run on failure: No application is open</msg>
<msg time="2024-07-02T11:28:05.984737" level="FAIL">WebDriverException: Message: Looks like browser capability is missing, please refer to capability generator https://www.lambdatest.com/capabilities-generator or contact support
</msg>
<arg>${REMOTE_URL}</arg>
<arg>${CAPABILITIES}</arg>
<doc>Opens a new application to given Appium server.
Capabilities of appium server, Android and iOS,
Please check https://github.com/appium/appium/blob/master/docs/en/writing-running-appium/server-args.md
| *Option*            | *Man.* | *Description*     |
| remote_url          | Yes    | Appium server url |
| alias               | no     | alias             |
| strict_ssl          | No     | allows you to send commands to an invalid certificate host like a self-signed one. |</doc>
<status status="FAIL" start="2024-07-02T11:28:05.168604" elapsed="0.817113">WebDriverException: Message: Looks like browser capability is missing, please refer to capability generator https://www.lambdatest.com/capabilities-generator or contact support
</status>
</kw>
<timeout value="50 minutes"/>
<status status="FAIL" start="2024-07-02T11:28:05.167331" elapsed="0.818604">WebDriverException: Message: Looks like browser capability is missing, please refer to capability generator https://www.lambdatest.com/capabilities-generator or contact support
</status>
</kw>
<kw name="Finish session" owner="base" type="TEARDOWN">
<kw name="Capture Page Screenshot" owner="AppiumLibrary">
<kw name="Capture Page Screenshot" owner="AppiumLibrary">
<msg time="2024-07-02T11:28:05.988459" level="FAIL">No application is open</msg>
<doc>Takes a screenshot of the current page and embeds it into the log.</doc>
<status status="FAIL" start="2024-07-02T11:28:05.988248" elapsed="0.000889">No application is open</status>
</kw>
<msg time="2024-07-02T11:28:05.992175" level="WARN">Keyword 'Capture Page Screenshot' could not be run on failure: No application is open</msg>
<msg time="2024-07-02T11:28:05.992373" level="FAIL">No application is open</msg>
<doc>Takes a screenshot of the current page and embeds it into the log.</doc>
<status status="FAIL" start="2024-07-02T11:28:05.986948" elapsed="0.005797">No application is open</status>
</kw>
<kw name="Close All Applications" owner="AppiumLibrary">
<doc>Closes all open applications.</doc>
<status status="PASS" start="2024-07-02T11:28:05.992897" elapsed="0.002496"/>
</kw>
<status status="FAIL" start="2024-07-02T11:28:05.986502" elapsed="0.009024">No application is open</status>
</kw>
<tag>dia_a_dia</tag>
<status status="FAIL" start="2024-07-02T11:28:05.166998" elapsed="0.828668">Setup failed:
WebDriverException: Message: Looks like browser capability is missing, please refer to capability generator https://www.lambdatest.com/capabilities-generator or contact support


Also teardown failed:
No application is open</status>
</test>
<test id="s1-t6" name="Validar menu pagar pessoas" line="59">
<kw name="Open lambda test app" owner="base" type="SETUP">
<kw name="Create Dictionary" owner="BuiltIn">
<msg time="2024-07-02T11:28:05.997157" level="INFO">${CAPABILITIES} = {'platformName': 'ios', 'platformVersion': '17', 'deviceName': 'iPhone 15', 'visual': 'True', 'network': 'True', 'devicelog': 'True', 'isRealMobile': 'True', 'name': 'LT_Appium_Robot_App_iOS', 'build'...</msg>
<var>${CAPABILITIES}</var>
<arg>platformName=${platformName}</arg>
<arg>platformVersion=${version}</arg>
<arg>deviceName=${deviceName}</arg>
<arg>visual=${visual}</arg>
<arg>network=${network}</arg>
<arg>devicelog=${devicelog}</arg>
<arg>isRealMobile=${isRealMobile}</arg>
<arg>name=LT_Appium_Robot_App_iOS</arg>
<arg>build=LT_Appium_Robot_App_Automation</arg>
<arg>app=${LT_APP_ID}</arg>
<doc>Creates and returns a dictionary based on the given ``items``.</doc>
<status status="PASS" start="2024-07-02T11:28:05.996669" elapsed="0.000507"/>
</kw>
<kw name="Set Variable" owner="BuiltIn">
<msg time="2024-07-02T11:28:05.997789" level="INFO">${REMOTE_URL} = https://fabricio.santos:qKjyRUVdbDo01XDl3qdK7hdbWHbCFTQNdknvqvbvHhjDLA8Dod@hub.lambdatest.com/wd/hub</msg>
<var>${REMOTE_URL}</var>
<arg>https://${LT_USERNAME}:${LT_ACCESS_KEY}@hub.lambdatest.com/wd/hub</arg>
<doc>Returns the given values which can then be assigned to a variables.</doc>
<status status="PASS" start="2024-07-02T11:28:05.997298" elapsed="0.000559"/>
</kw>
<kw name="Open Application" owner="AppiumLibrary">
<kw name="Capture Page Screenshot" owner="AppiumLibrary">
<doc>Takes a screenshot of the current page and embeds it into the log.</doc>
<status status="FAIL" start="2024-07-02T11:28:06.740449" elapsed="0.000738">No application is open</status>
</kw>
<msg time="2024-07-02T11:28:06.740634" level="FAIL">No application is open</msg>
<msg time="2024-07-02T11:28:06.742320" level="WARN">Keyword 'Capture Page Screenshot' could not be run on failure: No application is open</msg>
<msg time="2024-07-02T11:28:06.742430" level="FAIL">WebDriverException: Message: Looks like browser capability is missing, please refer to capability generator https://www.lambdatest.com/capabilities-generator or contact support
</msg>
<arg>${REMOTE_URL}</arg>
<arg>${CAPABILITIES}</arg>
<doc>Opens a new application to given Appium server.
Capabilities of appium server, Android and iOS,
Please check https://github.com/appium/appium/blob/master/docs/en/writing-running-appium/server-args.md
| *Option*            | *Man.* | *Description*     |
| remote_url          | Yes    | Appium server url |
| alias               | no     | alias             |
| strict_ssl          | No     | allows you to send commands to an invalid certificate host like a self-signed one. |</doc>
<status status="FAIL" start="2024-07-02T11:28:05.998053" elapsed="0.744735">WebDriverException: Message: Looks like browser capability is missing, please refer to capability generator https://www.lambdatest.com/capabilities-generator or contact support
</status>
</kw>
<timeout value="50 minutes"/>
<status status="FAIL" start="2024-07-02T11:28:05.996358" elapsed="0.746500">WebDriverException: Message: Looks like browser capability is missing, please refer to capability generator https://www.lambdatest.com/capabilities-generator or contact support
</status>
</kw>
<kw name="Finish session" owner="base" type="TEARDOWN">
<kw name="Capture Page Screenshot" owner="AppiumLibrary">
<kw name="Capture Page Screenshot" owner="AppiumLibrary">
<msg time="2024-07-02T11:28:06.743321" level="FAIL">No application is open</msg>
<doc>Takes a screenshot of the current page and embeds it into the log.</doc>
<status status="FAIL" start="2024-07-02T11:28:06.743252" elapsed="0.000285">No application is open</status>
</kw>
<msg time="2024-07-02T11:28:06.744571" level="WARN">Keyword 'Capture Page Screenshot' could not be run on failure: No application is open</msg>
<msg time="2024-07-02T11:28:06.744633" level="FAIL">No application is open</msg>
<doc>Takes a screenshot of the current page and embeds it into the log.</doc>
<status status="FAIL" start="2024-07-02T11:28:06.743155" elapsed="0.001604">No application is open</status>
</kw>
<kw name="Close All Applications" owner="AppiumLibrary">
<doc>Closes all open applications.</doc>
<status status="PASS" start="2024-07-02T11:28:06.744822" elapsed="0.000988"/>
</kw>
<status status="FAIL" start="2024-07-02T11:28:06.743022" elapsed="0.002836">No application is open</status>
</kw>
<tag>dia_a_dia</tag>
<status status="FAIL" start="2024-07-02T11:28:05.995928" elapsed="0.749964">Setup failed:
WebDriverException: Message: Looks like browser capability is missing, please refer to capability generator https://www.lambdatest.com/capabilities-generator or contact support


Also teardown failed:
No application is open</status>
</test>
<test id="s1-t7" name="Validar menu QRCode" line="65">
<kw name="Open lambda test app" owner="base" type="SETUP">
<kw name="Create Dictionary" owner="BuiltIn">
<msg time="2024-07-02T11:28:06.746930" level="INFO">${CAPABILITIES} = {'platformName': 'ios', 'platformVersion': '17', 'deviceName': 'iPhone 15', 'visual': 'True', 'network': 'True', 'devicelog': 'True', 'isRealMobile': 'True', 'name': 'LT_Appium_Robot_App_iOS', 'build'...</msg>
<var>${CAPABILITIES}</var>
<arg>platformName=${platformName}</arg>
<arg>platformVersion=${version}</arg>
<arg>deviceName=${deviceName}</arg>
<arg>visual=${visual}</arg>
<arg>network=${network}</arg>
<arg>devicelog=${devicelog}</arg>
<arg>isRealMobile=${isRealMobile}</arg>
<arg>name=LT_Appium_Robot_App_iOS</arg>
<arg>build=LT_Appium_Robot_App_Automation</arg>
<arg>app=${LT_APP_ID}</arg>
<doc>Creates and returns a dictionary based on the given ``items``.</doc>
<status status="PASS" start="2024-07-02T11:28:06.746370" elapsed="0.000572"/>
</kw>
<kw name="Set Variable" owner="BuiltIn">
<msg time="2024-07-02T11:28:06.747109" level="INFO">${REMOTE_URL} = https://fabricio.santos:qKjyRUVdbDo01XDl3qdK7hdbWHbCFTQNdknvqvbvHhjDLA8Dod@hub.lambdatest.com/wd/hub</msg>
<var>${REMOTE_URL}</var>
<arg>https://${LT_USERNAME}:${LT_ACCESS_KEY}@hub.lambdatest.com/wd/hub</arg>
<doc>Returns the given values which can then be assigned to a variables.</doc>
<status status="PASS" start="2024-07-02T11:28:06.747013" elapsed="0.000106"/>
</kw>
<kw name="Open Application" owner="AppiumLibrary">
<kw name="Capture Page Screenshot" owner="AppiumLibrary">
<doc>Takes a screenshot of the current page and embeds it into the log.</doc>
<status status="FAIL" start="2024-07-02T11:28:07.491843" elapsed="0.003596">No application is open</status>
</kw>
<msg time="2024-07-02T11:28:07.492792" level="FAIL">No application is open</msg>
<msg time="2024-07-02T11:28:07.499672" level="WARN">Keyword 'Capture Page Screenshot' could not be run on failure: No application is open</msg>
<msg time="2024-07-02T11:28:07.499895" level="FAIL">WebDriverException: Message: Looks like browser capability is missing, please refer to capability generator https://www.lambdatest.com/capabilities-generator or contact support
</msg>
<arg>${REMOTE_URL}</arg>
<arg>${CAPABILITIES}</arg>
<doc>Opens a new application to given Appium server.
Capabilities of appium server, Android and iOS,
Please check https://github.com/appium/appium/blob/master/docs/en/writing-running-appium/server-args.md
| *Option*            | *Man.* | *Description*     |
| remote_url          | Yes    | Appium server url |
| alias               | no     | alias             |
| strict_ssl          | No     | allows you to send commands to an invalid certificate host like a self-signed one. |</doc>
<status status="FAIL" start="2024-07-02T11:28:06.747177" elapsed="0.753362">WebDriverException: Message: Looks like browser capability is missing, please refer to capability generator https://www.lambdatest.com/capabilities-generator or contact support
</status>
</kw>
<timeout value="50 minutes"/>
<status status="FAIL" start="2024-07-02T11:28:06.746231" elapsed="0.754438">WebDriverException: Message: Looks like browser capability is missing, please refer to capability generator https://www.lambdatest.com/capabilities-generator or contact support
</status>
</kw>
<kw name="Finish session" owner="base" type="TEARDOWN">
<kw name="Capture Page Screenshot" owner="AppiumLibrary">
<kw name="Capture Page Screenshot" owner="AppiumLibrary">
<msg time="2024-07-02T11:28:07.501435" level="FAIL">No application is open</msg>
<doc>Takes a screenshot of the current page and embeds it into the log.</doc>
<status status="FAIL" start="2024-07-02T11:28:07.501340" elapsed="0.000412">No application is open</status>
</kw>
<msg time="2024-07-02T11:28:07.503196" level="WARN">Keyword 'Capture Page Screenshot' could not be run on failure: No application is open</msg>
<msg time="2024-07-02T11:28:07.503289" level="FAIL">No application is open</msg>
<doc>Takes a screenshot of the current page and embeds it into the log.</doc>
<status status="FAIL" start="2024-07-02T11:28:07.501180" elapsed="0.002297">No application is open</status>
</kw>
<kw name="Close All Applications" owner="AppiumLibrary">
<doc>Closes all open applications.</doc>
<status status="PASS" start="2024-07-02T11:28:07.503570" elapsed="0.001428"/>
</kw>
<status status="FAIL" start="2024-07-02T11:28:07.500947" elapsed="0.004114">No application is open</status>
</kw>
<tag>dia_a_dia</tag>
<status status="FAIL" start="2024-07-02T11:28:06.746059" elapsed="0.759051">Setup failed:
WebDriverException: Message: Looks like browser capability is missing, please refer to capability generator https://www.lambdatest.com/capabilities-generator or contact support


Also teardown failed:
No application is open</status>
</test>
<test id="s1-t8" name="Validar menu Recarga de celular" line="71">
<kw name="Open lambda test app" owner="base" type="SETUP">
<kw name="Create Dictionary" owner="BuiltIn">
<msg time="2024-07-02T11:28:07.506002" level="INFO">${CAPABILITIES} = {'platformName': 'ios', 'platformVersion': '17', 'deviceName': 'iPhone 15', 'visual': 'True', 'network': 'True', 'devicelog': 'True', 'isRealMobile': 'True', 'name': 'LT_Appium_Robot_App_iOS', 'build'...</msg>
<var>${CAPABILITIES}</var>
<arg>platformName=${platformName}</arg>
<arg>platformVersion=${version}</arg>
<arg>deviceName=${deviceName}</arg>
<arg>visual=${visual}</arg>
<arg>network=${network}</arg>
<arg>devicelog=${devicelog}</arg>
<arg>isRealMobile=${isRealMobile}</arg>
<arg>name=LT_Appium_Robot_App_iOS</arg>
<arg>build=LT_Appium_Robot_App_Automation</arg>
<arg>app=${LT_APP_ID}</arg>
<doc>Creates and returns a dictionary based on the given ``items``.</doc>
<status status="PASS" start="2024-07-02T11:28:07.505712" elapsed="0.000305"/>
</kw>
<kw name="Set Variable" owner="BuiltIn">
<msg time="2024-07-02T11:28:07.506260" level="INFO">${REMOTE_URL} = https://fabricio.santos:qKjyRUVdbDo01XDl3qdK7hdbWHbCFTQNdknvqvbvHhjDLA8Dod@hub.lambdatest.com/wd/hub</msg>
<var>${REMOTE_URL}</var>
<arg>https://${LT_USERNAME}:${LT_ACCESS_KEY}@hub.lambdatest.com/wd/hub</arg>
<doc>Returns the given values which can then be assigned to a variables.</doc>
<status status="PASS" start="2024-07-02T11:28:07.506108" elapsed="0.000164"/>
</kw>
<kw name="Open Application" owner="AppiumLibrary">
<kw name="Capture Page Screenshot" owner="AppiumLibrary">
<doc>Takes a screenshot of the current page and embeds it into the log.</doc>
<status status="FAIL" start="2024-07-02T11:28:08.213972" elapsed="0.002745">No application is open</status>
</kw>
<msg time="2024-07-02T11:28:08.215203" level="FAIL">No application is open</msg>
<msg time="2024-07-02T11:28:08.220171" level="WARN">Keyword 'Capture Page Screenshot' could not be run on failure: No application is open</msg>
<msg time="2024-07-02T11:28:08.220446" level="FAIL">WebDriverException: Message: Looks like browser capability is missing, please refer to capability generator https://www.lambdatest.com/capabilities-generator or contact support
</msg>
<arg>${REMOTE_URL}</arg>
<arg>${CAPABILITIES}</arg>
<doc>Opens a new application to given Appium server.
Capabilities of appium server, Android and iOS,
Please check https://github.com/appium/appium/blob/master/docs/en/writing-running-appium/server-args.md
| *Option*            | *Man.* | *Description*     |
| remote_url          | Yes    | Appium server url |
| alias               | no     | alias             |
| strict_ssl          | No     | allows you to send commands to an invalid certificate host like a self-signed one. |</doc>
<status status="FAIL" start="2024-07-02T11:28:07.506348" elapsed="0.714858">WebDriverException: Message: Looks like browser capability is missing, please refer to capability generator https://www.lambdatest.com/capabilities-generator or contact support
</status>
</kw>
<timeout value="50 minutes"/>
<status status="FAIL" start="2024-07-02T11:28:07.505507" elapsed="0.715868">WebDriverException: Message: Looks like browser capability is missing, please refer to capability generator https://www.lambdatest.com/capabilities-generator or contact support
</status>
</kw>
<kw name="Finish session" owner="base" type="TEARDOWN">
<kw name="Capture Page Screenshot" owner="AppiumLibrary">
<kw name="Capture Page Screenshot" owner="AppiumLibrary">
<msg time="2024-07-02T11:28:08.222649" level="FAIL">No application is open</msg>
<doc>Takes a screenshot of the current page and embeds it into the log.</doc>
<status status="FAIL" start="2024-07-02T11:28:08.222519" elapsed="0.000655">No application is open</status>
</kw>
<msg time="2024-07-02T11:28:08.225368" level="WARN">Keyword 'Capture Page Screenshot' could not be run on failure: No application is open</msg>
<msg time="2024-07-02T11:28:08.225521" level="FAIL">No application is open</msg>
<doc>Takes a screenshot of the current page and embeds it into the log.</doc>
<status status="FAIL" start="2024-07-02T11:28:08.222325" elapsed="0.003478">No application is open</status>
</kw>
<kw name="Close All Applications" owner="AppiumLibrary">
<doc>Closes all open applications.</doc>
<status status="PASS" start="2024-07-02T11:28:08.225931" elapsed="0.001896"/>
</kw>
<status status="FAIL" start="2024-07-02T11:28:08.222002" elapsed="0.005916">No application is open</status>
</kw>
<tag>dia_a_dia</tag>
<status status="FAIL" start="2024-07-02T11:28:07.505273" elapsed="0.722752">Setup failed:
WebDriverException: Message: Looks like browser capability is missing, please refer to capability generator https://www.lambdatest.com/capabilities-generator or contact support


Also teardown failed:
No application is open</status>
</test>
<test id="s1-t9" name="Validar menu cofrinho" line="77">
<kw name="Open lambda test app" owner="base" type="SETUP">
<kw name="Create Dictionary" owner="BuiltIn">
<msg time="2024-07-02T11:28:08.230163" level="INFO">${CAPABILITIES} = {'platformName': 'ios', 'platformVersion': '17', 'deviceName': 'iPhone 15', 'visual': 'True', 'network': 'True', 'devicelog': 'True', 'isRealMobile': 'True', 'name': 'LT_Appium_Robot_App_iOS', 'build'...</msg>
<var>${CAPABILITIES}</var>
<arg>platformName=${platformName}</arg>
<arg>platformVersion=${version}</arg>
<arg>deviceName=${deviceName}</arg>
<arg>visual=${visual}</arg>
<arg>network=${network}</arg>
<arg>devicelog=${devicelog}</arg>
<arg>isRealMobile=${isRealMobile}</arg>
<arg>name=LT_Appium_Robot_App_iOS</arg>
<arg>build=LT_Appium_Robot_App_Automation</arg>
<arg>app=${LT_APP_ID}</arg>
<doc>Creates and returns a dictionary based on the given ``items``.</doc>
<status status="PASS" start="2024-07-02T11:28:08.229619" elapsed="0.000580"/>
</kw>
<kw name="Set Variable" owner="BuiltIn">
<msg time="2024-07-02T11:28:08.230653" level="INFO">${REMOTE_URL} = https://fabricio.santos:qKjyRUVdbDo01XDl3qdK7hdbWHbCFTQNdknvqvbvHhjDLA8Dod@hub.lambdatest.com/wd/hub</msg>
<var>${REMOTE_URL}</var>
<arg>https://${LT_USERNAME}:${LT_ACCESS_KEY}@hub.lambdatest.com/wd/hub</arg>
<doc>Returns the given values which can then be assigned to a variables.</doc>
<status status="PASS" start="2024-07-02T11:28:08.230385" elapsed="0.000288"/>
</kw>
<kw name="Open Application" owner="AppiumLibrary">
<kw name="Capture Page Screenshot" owner="AppiumLibrary">
<doc>Takes a screenshot of the current page and embeds it into the log.</doc>
<status status="FAIL" start="2024-07-02T11:28:08.991392" elapsed="0.003022">No application is open</status>
</kw>
<msg time="2024-07-02T11:28:08.992372" level="FAIL">No application is open</msg>
<msg time="2024-07-02T11:28:08.997320" level="WARN">Keyword 'Capture Page Screenshot' could not be run on failure: No application is open</msg>
<msg time="2024-07-02T11:28:08.997600" level="FAIL">WebDriverException: Message: Looks like browser capability is missing, please refer to capability generator https://www.lambdatest.com/capabilities-generator or contact support
</msg>
<arg>${REMOTE_URL}</arg>
<arg>${CAPABILITIES}</arg>
<doc>Opens a new application to given Appium server.
Capabilities of appium server, Android and iOS,
Please check https://github.com/appium/appium/blob/master/docs/en/writing-running-appium/server-args.md
| *Option*            | *Man.* | *Description*     |
| remote_url          | Yes    | Appium server url |
| alias               | no     | alias             |
| strict_ssl          | No     | allows you to send commands to an invalid certificate host like a self-signed one. |</doc>
<status status="FAIL" start="2024-07-02T11:28:08.230801" elapsed="0.767540">WebDriverException: Message: Looks like browser capability is missing, please refer to capability generator https://www.lambdatest.com/capabilities-generator or contact support
</status>
</kw>
<timeout value="50 minutes"/>
<status status="FAIL" start="2024-07-02T11:28:08.229092" elapsed="0.769424">WebDriverException: Message: Looks like browser capability is missing, please refer to capability generator https://www.lambdatest.com/capabilities-generator or contact support
</status>
</kw>
<kw name="Finish session" owner="base" type="TEARDOWN">
<kw name="Capture Page Screenshot" owner="AppiumLibrary">
<kw name="Capture Page Screenshot" owner="AppiumLibrary">
<msg time="2024-07-02T11:28:09.000517" level="FAIL">No application is open</msg>
<doc>Takes a screenshot of the current page and embeds it into the log.</doc>
<status status="FAIL" start="2024-07-02T11:28:09.000365" elapsed="0.000645">No application is open</status>
</kw>
<msg time="2024-07-02T11:28:09.002928" level="WARN">Keyword 'Capture Page Screenshot' could not be run on failure: No application is open</msg>
<msg time="2024-07-02T11:28:09.003079" level="FAIL">No application is open</msg>
<doc>Takes a screenshot of the current page and embeds it into the log.</doc>
<status status="FAIL" start="2024-07-02T11:28:08.999308" elapsed="0.004024">No application is open</status>
</kw>
<kw name="Close All Applications" owner="AppiumLibrary">
<doc>Closes all open applications.</doc>
<status status="PASS" start="2024-07-02T11:28:09.003446" elapsed="0.002686"/>
</kw>
<status status="FAIL" start="2024-07-02T11:28:08.998968" elapsed="0.007356">No application is open</status>
</kw>
<tag>dia_a_dia</tag>
<status status="FAIL" start="2024-07-02T11:28:08.228575" elapsed="0.777886">Setup failed:
WebDriverException: Message: Looks like browser capability is missing, please refer to capability generator https://www.lambdatest.com/capabilities-generator or contact support


Also teardown failed:
No application is open</status>
</test>
<test id="s1-t10" name="Validar menu pagar fatura" line="83">
<tag>robot:skip</tag>
<status status="SKIP" start="2024-07-02T11:28:09.006700" elapsed="0.000276">Test skipped using 'robot:skip' tag.</status>
</test>
<test id="s1-t11" name="Validar menu cartao de transporte" line="89">
<kw name="Open lambda test app" owner="base" type="SETUP">
<kw name="Create Dictionary" owner="BuiltIn">
<msg time="2024-07-02T11:28:09.008134" level="INFO">${CAPABILITIES} = {'platformName': 'ios', 'platformVersion': '17', 'deviceName': 'iPhone 15', 'visual': 'True', 'network': 'True', 'devicelog': 'True', 'isRealMobile': 'True', 'name': 'LT_Appium_Robot_App_iOS', 'build'...</msg>
<var>${CAPABILITIES}</var>
<arg>platformName=${platformName}</arg>
<arg>platformVersion=${version}</arg>
<arg>deviceName=${deviceName}</arg>
<arg>visual=${visual}</arg>
<arg>network=${network}</arg>
<arg>devicelog=${devicelog}</arg>
<arg>isRealMobile=${isRealMobile}</arg>
<arg>name=LT_Appium_Robot_App_iOS</arg>
<arg>build=LT_Appium_Robot_App_Automation</arg>
<arg>app=${LT_APP_ID}</arg>
<doc>Creates and returns a dictionary based on the given ``items``.</doc>
<status status="PASS" start="2024-07-02T11:28:09.007752" elapsed="0.000403"/>
</kw>
<kw name="Set Variable" owner="BuiltIn">
<msg time="2024-07-02T11:28:09.008593" level="INFO">${REMOTE_URL} = https://fabricio.santos:qKjyRUVdbDo01XDl3qdK7hdbWHbCFTQNdknvqvbvHhjDLA8Dod@hub.lambdatest.com/wd/hub</msg>
<var>${REMOTE_URL}</var>
<arg>https://${LT_USERNAME}:${LT_ACCESS_KEY}@hub.lambdatest.com/wd/hub</arg>
<doc>Returns the given values which can then be assigned to a variables.</doc>
<status status="PASS" start="2024-07-02T11:28:09.008289" elapsed="0.000330"/>
</kw>
<kw name="Open Application" owner="AppiumLibrary">
<kw name="Capture Page Screenshot" owner="AppiumLibrary">
<doc>Takes a screenshot of the current page and embeds it into the log.</doc>
<status status="FAIL" start="2024-07-02T11:28:09.555384" elapsed="0.003429">No application is open</status>
</kw>
<msg time="2024-07-02T11:28:09.556311" level="FAIL">No application is open</msg>
<msg time="2024-07-02T11:28:09.561881" level="WARN">Keyword 'Capture Page Screenshot' could not be run on failure: No application is open</msg>
<msg time="2024-07-02T11:28:09.562145" level="FAIL">WebDriverException: Message: Looks like browser capability is missing, please refer to capability generator https://www.lambdatest.com/capabilities-generator or contact support
</msg>
<arg>${REMOTE_URL}</arg>
<arg>${CAPABILITIES}</arg>
<doc>Opens a new application to given Appium server.
Capabilities of appium server, Android and iOS,
Please check https://github.com/appium/appium/blob/master/docs/en/writing-running-appium/server-args.md
| *Option*            | *Man.* | *Description*     |
| remote_url          | Yes    | Appium server url |
| alias               | no     | alias             |
| strict_ssl          | No     | allows you to send commands to an invalid certificate host like a self-signed one. |</doc>
<status status="FAIL" start="2024-07-02T11:28:09.008887" elapsed="0.553970">WebDriverException: Message: Looks like browser capability is missing, please refer to capability generator https://www.lambdatest.com/capabilities-generator or contact support
</status>
</kw>
<timeout value="50 minutes"/>
<status status="FAIL" start="2024-07-02T11:28:09.007476" elapsed="0.555537">WebDriverException: Message: Looks like browser capability is missing, please refer to capability generator https://www.lambdatest.com/capabilities-generator or contact support
</status>
</kw>
<kw name="Finish session" owner="base" type="TEARDOWN">
<kw name="Capture Page Screenshot" owner="AppiumLibrary">
<kw name="Capture Page Screenshot" owner="AppiumLibrary">
<msg time="2024-07-02T11:28:09.564005" level="FAIL">No application is open</msg>
<doc>Takes a screenshot of the current page and embeds it into the log.</doc>
<status status="FAIL" start="2024-07-02T11:28:09.563887" elapsed="0.000546">No application is open</status>
</kw>
<msg time="2024-07-02T11:28:09.566403" level="WARN">Keyword 'Capture Page Screenshot' could not be run on failure: No application is open</msg>
<msg time="2024-07-02T11:28:09.566543" level="FAIL">No application is open</msg>
<doc>Takes a screenshot of the current page and embeds it into the log.</doc>
<status status="FAIL" start="2024-07-02T11:28:09.563714" elapsed="0.003549">No application is open</status>
</kw>
<kw name="Close All Applications" owner="AppiumLibrary">
<doc>Closes all open applications.</doc>
<status status="PASS" start="2024-07-02T11:28:09.567544" elapsed="0.002491"/>
</kw>
<status status="FAIL" start="2024-07-02T11:28:09.563414" elapsed="0.006772">No application is open</status>
</kw>
<tag>dia_a_dia</tag>
<status status="FAIL" start="2024-07-02T11:28:09.007132" elapsed="0.563194">Setup failed:
WebDriverException: Message: Looks like browser capability is missing, please refer to capability generator https://www.lambdatest.com/capabilities-generator or contact support


Also teardown failed:
No application is open</status>
</test>
<test id="s1-t12" name="Validar menu Gift Cards" line="95">
<kw name="Open lambda test app" owner="base" type="SETUP">
<kw name="Create Dictionary" owner="BuiltIn">
<msg time="2024-07-02T11:28:09.572559" level="INFO">${CAPABILITIES} = {'platformName': 'ios', 'platformVersion': '17', 'deviceName': 'iPhone 15', 'visual': 'True', 'network': 'True', 'devicelog': 'True', 'isRealMobile': 'True', 'name': 'LT_Appium_Robot_App_iOS', 'build'...</msg>
<var>${CAPABILITIES}</var>
<arg>platformName=${platformName}</arg>
<arg>platformVersion=${version}</arg>
<arg>deviceName=${deviceName}</arg>
<arg>visual=${visual}</arg>
<arg>network=${network}</arg>
<arg>devicelog=${devicelog}</arg>
<arg>isRealMobile=${isRealMobile}</arg>
<arg>name=LT_Appium_Robot_App_iOS</arg>
<arg>build=LT_Appium_Robot_App_Automation</arg>
<arg>app=${LT_APP_ID}</arg>
<doc>Creates and returns a dictionary based on the given ``items``.</doc>
<status status="PASS" start="2024-07-02T11:28:09.572077" elapsed="0.000509"/>
</kw>
<kw name="Set Variable" owner="BuiltIn">
<msg time="2024-07-02T11:28:09.572938" level="INFO">${REMOTE_URL} = https://fabricio.santos:qKjyRUVdbDo01XDl3qdK7hdbWHbCFTQNdknvqvbvHhjDLA8Dod@hub.lambdatest.com/wd/hub</msg>
<var>${REMOTE_URL}</var>
<arg>https://${LT_USERNAME}:${LT_ACCESS_KEY}@hub.lambdatest.com/wd/hub</arg>
<doc>Returns the given values which can then be assigned to a variables.</doc>
<status status="PASS" start="2024-07-02T11:28:09.572728" elapsed="0.000226"/>
</kw>
<kw name="Open Application" owner="AppiumLibrary">
<kw name="Capture Page Screenshot" owner="AppiumLibrary">
<doc>Takes a screenshot of the current page and embeds it into the log.</doc>
<status status="FAIL" start="2024-07-02T11:28:10.271362" elapsed="0.003498">No application is open</status>
</kw>
<msg time="2024-07-02T11:28:10.272293" level="FAIL">No application is open</msg>
<msg time="2024-07-02T11:28:10.277307" level="WARN">Keyword 'Capture Page Screenshot' could not be run on failure: No application is open</msg>
<msg time="2024-07-02T11:28:10.277653" level="FAIL">WebDriverException: Message: Looks like browser capability is missing, please refer to capability generator https://www.lambdatest.com/capabilities-generator or contact support
</msg>
<arg>${REMOTE_URL}</arg>
<arg>${CAPABILITIES}</arg>
<doc>Opens a new application to given Appium server.
Capabilities of appium server, Android and iOS,
Please check https://github.com/appium/appium/blob/master/docs/en/writing-running-appium/server-args.md
| *Option*            | *Man.* | *Description*     |
| remote_url          | Yes    | Appium server url |
| alias               | no     | alias             |
| strict_ssl          | No     | allows you to send commands to an invalid certificate host like a self-signed one. |</doc>
<status status="FAIL" start="2024-07-02T11:28:09.573056" elapsed="0.705510">WebDriverException: Message: Looks like browser capability is missing, please refer to capability generator https://www.lambdatest.com/capabilities-generator or contact support
</status>
</kw>
<timeout value="50 minutes"/>
<status status="FAIL" start="2024-07-02T11:28:09.570942" elapsed="0.707778">WebDriverException: Message: Looks like browser capability is missing, please refer to capability generator https://www.lambdatest.com/capabilities-generator or contact support
</status>
</kw>
<kw name="Finish session" owner="base" type="TEARDOWN">
<kw name="Capture Page Screenshot" owner="AppiumLibrary">
<kw name="Capture Page Screenshot" owner="AppiumLibrary">
<msg time="2024-07-02T11:28:10.279770" level="FAIL">No application is open</msg>
<doc>Takes a screenshot of the current page and embeds it into the log.</doc>
<status status="FAIL" start="2024-07-02T11:28:10.279630" elapsed="0.000601">No application is open</status>
</kw>
<msg time="2024-07-02T11:28:10.282176" level="WARN">Keyword 'Capture Page Screenshot' could not be run on failure: No application is open</msg>
<msg time="2024-07-02T11:28:10.282292" level="FAIL">No application is open</msg>
<doc>Takes a screenshot of the current page and embeds it into the log.</doc>
<status status="FAIL" start="2024-07-02T11:28:10.279416" elapsed="0.003133">No application is open</status>
</kw>
<kw name="Close All Applications" owner="AppiumLibrary">
<doc>Closes all open applications.</doc>
<status status="PASS" start="2024-07-02T11:28:10.282666" elapsed="0.001791"/>
</kw>
<status status="FAIL" start="2024-07-02T11:28:10.279091" elapsed="0.005457">No application is open</status>
</kw>
<tag>dia_a_dia</tag>
<status status="FAIL" start="2024-07-02T11:28:09.570554" elapsed="0.714061">Setup failed:
WebDriverException: Message: Looks like browser capability is missing, please refer to capability generator https://www.lambdatest.com/capabilities-generator or contact support


Also teardown failed:
No application is open</status>
</test>
<test id="s1-t13" name="Validar menu footer" line="101">
<kw name="Open lambda test app" owner="base" type="SETUP">
<kw name="Create Dictionary" owner="BuiltIn">
<msg time="2024-07-02T11:28:10.285846" level="INFO">${CAPABILITIES} = {'platformName': 'ios', 'platformVersion': '17', 'deviceName': 'iPhone 15', 'visual': 'True', 'network': 'True', 'devicelog': 'True', 'isRealMobile': 'True', 'name': 'LT_Appium_Robot_App_iOS', 'build'...</msg>
<var>${CAPABILITIES}</var>
<arg>platformName=${platformName}</arg>
<arg>platformVersion=${version}</arg>
<arg>deviceName=${deviceName}</arg>
<arg>visual=${visual}</arg>
<arg>network=${network}</arg>
<arg>devicelog=${devicelog}</arg>
<arg>isRealMobile=${isRealMobile}</arg>
<arg>name=LT_Appium_Robot_App_iOS</arg>
<arg>build=LT_Appium_Robot_App_Automation</arg>
<arg>app=${LT_APP_ID}</arg>
<doc>Creates and returns a dictionary based on the given ``items``.</doc>
<status status="PASS" start="2024-07-02T11:28:10.285462" elapsed="0.000405"/>
</kw>
<kw name="Set Variable" owner="BuiltIn">
<msg time="2024-07-02T11:28:10.286190" level="INFO">${REMOTE_URL} = https://fabricio.santos:qKjyRUVdbDo01XDl3qdK7hdbWHbCFTQNdknvqvbvHhjDLA8Dod@hub.lambdatest.com/wd/hub</msg>
<var>${REMOTE_URL}</var>
<arg>https://${LT_USERNAME}:${LT_ACCESS_KEY}@hub.lambdatest.com/wd/hub</arg>
<doc>Returns the given values which can then be assigned to a variables.</doc>
<status status="PASS" start="2024-07-02T11:28:10.285991" elapsed="0.000215"/>
</kw>
<kw name="Open Application" owner="AppiumLibrary">
<kw name="Capture Page Screenshot" owner="AppiumLibrary">
<doc>Takes a screenshot of the current page and embeds it into the log.</doc>
<status status="FAIL" start="2024-07-02T11:28:10.940192" elapsed="0.004269">No application is open</status>
</kw>
<msg time="2024-07-02T11:28:10.941899" level="FAIL">No application is open</msg>
<msg time="2024-07-02T11:28:10.949437" level="WARN">Keyword 'Capture Page Screenshot' could not be run on failure: No application is open</msg>
<msg time="2024-07-02T11:28:10.949713" level="FAIL">WebDriverException: Message: Looks like browser capability is missing, please refer to capability generator https://www.lambdatest.com/capabilities-generator or contact support
</msg>
<arg>${REMOTE_URL}</arg>
<arg>${CAPABILITIES}</arg>
<doc>Opens a new application to given Appium server.
Capabilities of appium server, Android and iOS,
Please check https://github.com/appium/appium/blob/master/docs/en/writing-running-appium/server-args.md
| *Option*            | *Man.* | *Description*     |
| remote_url          | Yes    | Appium server url |
| alias               | no     | alias             |
| strict_ssl          | No     | allows you to send commands to an invalid certificate host like a self-signed one. |</doc>
<status status="FAIL" start="2024-07-02T11:28:10.286310" elapsed="0.664164">WebDriverException: Message: Looks like browser capability is missing, please refer to capability generator https://www.lambdatest.com/capabilities-generator or contact support
</status>
</kw>
<timeout value="50 minutes"/>
<status status="FAIL" start="2024-07-02T11:28:10.285207" elapsed="0.665418">WebDriverException: Message: Looks like browser capability is missing, please refer to capability generator https://www.lambdatest.com/capabilities-generator or contact support
</status>
</kw>
<kw name="Finish session" owner="base" type="TEARDOWN">
<kw name="Capture Page Screenshot" owner="AppiumLibrary">
<kw name="Capture Page Screenshot" owner="AppiumLibrary">
<msg time="2024-07-02T11:28:10.951556" level="FAIL">No application is open</msg>
<doc>Takes a screenshot of the current page and embeds it into the log.</doc>
<status status="FAIL" start="2024-07-02T11:28:10.951436" elapsed="0.000516">No application is open</status>
</kw>
<msg time="2024-07-02T11:28:10.953484" level="WARN">Keyword 'Capture Page Screenshot' could not be run on failure: No application is open</msg>
<msg time="2024-07-02T11:28:10.953584" level="FAIL">No application is open</msg>
<doc>Takes a screenshot of the current page and embeds it into the log.</doc>
<status status="FAIL" start="2024-07-02T11:28:10.951241" elapsed="0.002542">No application is open</status>
</kw>
<kw name="Close All Applications" owner="AppiumLibrary">
<doc>Closes all open applications.</doc>
<status status="PASS" start="2024-07-02T11:28:10.953883" elapsed="0.001608"/>
</kw>
<status status="FAIL" start="2024-07-02T11:28:10.950978" elapsed="0.004609">No application is open</status>
</kw>
<tag>footer</tag>
<status status="FAIL" start="2024-07-02T11:28:10.284899" elapsed="0.670751">Setup failed:
WebDriverException: Message: Looks like browser capability is missing, please refer to capability generator https://www.lambdatest.com/capabilities-generator or contact support


Also teardown failed:
No application is open</status>
</test>
<test id="s1-t14" name="Acessar Pix pelo gavetao" line="107">
<kw name="Open lambda test app" owner="base" type="SETUP">
<kw name="Create Dictionary" owner="BuiltIn">
<msg time="2024-07-02T11:28:10.956729" level="INFO">${CAPABILITIES} = {'platformName': 'ios', 'platformVersion': '17', 'deviceName': 'iPhone 15', 'visual': 'True', 'network': 'True', 'devicelog': 'True', 'isRealMobile': 'True', 'name': 'LT_Appium_Robot_App_iOS', 'build'...</msg>
<var>${CAPABILITIES}</var>
<arg>platformName=${platformName}</arg>
<arg>platformVersion=${version}</arg>
<arg>deviceName=${deviceName}</arg>
<arg>visual=${visual}</arg>
<arg>network=${network}</arg>
<arg>devicelog=${devicelog}</arg>
<arg>isRealMobile=${isRealMobile}</arg>
<arg>name=LT_Appium_Robot_App_iOS</arg>
<arg>build=LT_Appium_Robot_App_Automation</arg>
<arg>app=${LT_APP_ID}</arg>
<doc>Creates and returns a dictionary based on the given ``items``.</doc>
<status status="PASS" start="2024-07-02T11:28:10.956389" elapsed="0.000359"/>
</kw>
<kw name="Set Variable" owner="BuiltIn">
<msg time="2024-07-02T11:28:10.957037" level="INFO">${REMOTE_URL} = https://fabricio.santos:qKjyRUVdbDo01XDl3qdK7hdbWHbCFTQNdknvqvbvHhjDLA8Dod@hub.lambdatest.com/wd/hub</msg>
<var>${REMOTE_URL}</var>
<arg>https://${LT_USERNAME}:${LT_ACCESS_KEY}@hub.lambdatest.com/wd/hub</arg>
<doc>Returns the given values which can then be assigned to a variables.</doc>
<status status="PASS" start="2024-07-02T11:28:10.956855" elapsed="0.000197"/>
</kw>
<kw name="Open Application" owner="AppiumLibrary">
<kw name="Capture Page Screenshot" owner="AppiumLibrary">
<doc>Takes a screenshot of the current page and embeds it into the log.</doc>
<status status="FAIL" start="2024-07-02T11:28:11.600733" elapsed="0.000968">No application is open</status>
</kw>
<msg time="2024-07-02T11:28:11.601014" level="FAIL">No application is open</msg>
<msg time="2024-07-02T11:28:11.603086" level="WARN">Keyword 'Capture Page Screenshot' could not be run on failure: No application is open</msg>
<msg time="2024-07-02T11:28:11.603218" level="FAIL">WebDriverException: Message: Looks like browser capability is missing, please refer to capability generator https://www.lambdatest.com/capabilities-generator or contact support
</msg>
<arg>${REMOTE_URL}</arg>
<arg>${CAPABILITIES}</arg>
<doc>Opens a new application to given Appium server.
Capabilities of appium server, Android and iOS,
Please check https://github.com/appium/appium/blob/master/docs/en/writing-running-appium/server-args.md
| *Option*            | *Man.* | *Description*     |
| remote_url          | Yes    | Appium server url |
| alias               | no     | alias             |
| strict_ssl          | No     | allows you to send commands to an invalid certificate host like a self-signed one. |</doc>
<status status="FAIL" start="2024-07-02T11:28:10.957140" elapsed="0.646492">WebDriverException: Message: Looks like browser capability is missing, please refer to capability generator https://www.lambdatest.com/capabilities-generator or contact support
</status>
</kw>
<timeout value="50 minutes"/>
<status status="FAIL" start="2024-07-02T11:28:10.956147" elapsed="0.647574">WebDriverException: Message: Looks like browser capability is missing, please refer to capability generator https://www.lambdatest.com/capabilities-generator or contact support
</status>
</kw>
<kw name="Finish session" owner="base" type="TEARDOWN">
<kw name="Capture Page Screenshot" owner="AppiumLibrary">
<kw name="Capture Page Screenshot" owner="AppiumLibrary">
<msg time="2024-07-02T11:28:11.604826" level="FAIL">No application is open</msg>
<doc>Takes a screenshot of the current page and embeds it into the log.</doc>
<status status="FAIL" start="2024-07-02T11:28:11.604741" elapsed="0.000344">No application is open</status>
</kw>
<msg time="2024-07-02T11:28:11.606270" level="WARN">Keyword 'Capture Page Screenshot' could not be run on failure: No application is open</msg>
<msg time="2024-07-02T11:28:11.606347" level="FAIL">No application is open</msg>
<doc>Takes a screenshot of the current page and embeds it into the log.</doc>
<status status="FAIL" start="2024-07-02T11:28:11.604165" elapsed="0.002337">No application is open</status>
</kw>
<kw name="Close All Applications" owner="AppiumLibrary">
<doc>Closes all open applications.</doc>
<status status="PASS" start="2024-07-02T11:28:11.606573" elapsed="0.001136"/>
</kw>
<status status="FAIL" start="2024-07-02T11:28:11.604001" elapsed="0.003762">No application is open</status>
</kw>
<tag>gavetao</tag>
<status status="FAIL" start="2024-07-02T11:28:10.955856" elapsed="0.651945">Setup failed:
WebDriverException: Message: Looks like browser capability is missing, please refer to capability generator https://www.lambdatest.com/capabilities-generator or contact support


Also teardown failed:
No application is open</status>
</test>
<test id="s1-t15" name="Acessar menu pagar Boletos pelo gavetao" line="114">
<kw name="Open lambda test app" owner="base" type="SETUP">
<kw name="Create Dictionary" owner="BuiltIn">
<msg time="2024-07-02T11:28:11.608500" level="INFO">${CAPABILITIES} = {'platformName': 'ios', 'platformVersion': '17', 'deviceName': 'iPhone 15', 'visual': 'True', 'network': 'True', 'devicelog': 'True', 'isRealMobile': 'True', 'name': 'LT_Appium_Robot_App_iOS', 'build'...</msg>
<var>${CAPABILITIES}</var>
<arg>platformName=${platformName}</arg>
<arg>platformVersion=${version}</arg>
<arg>deviceName=${deviceName}</arg>
<arg>visual=${visual}</arg>
<arg>network=${network}</arg>
<arg>devicelog=${devicelog}</arg>
<arg>isRealMobile=${isRealMobile}</arg>
<arg>name=LT_Appium_Robot_App_iOS</arg>
<arg>build=LT_Appium_Robot_App_Automation</arg>
<arg>app=${LT_APP_ID}</arg>
<doc>Creates and returns a dictionary based on the given ``items``.</doc>
<status status="PASS" start="2024-07-02T11:28:11.608262" elapsed="0.000251"/>
</kw>
<kw name="Set Variable" owner="BuiltIn">
<msg time="2024-07-02T11:28:11.608704" level="INFO">${REMOTE_URL} = https://fabricio.santos:qKjyRUVdbDo01XDl3qdK7hdbWHbCFTQNdknvqvbvHhjDLA8Dod@hub.lambdatest.com/wd/hub</msg>
<var>${REMOTE_URL}</var>
<arg>https://${LT_USERNAME}:${LT_ACCESS_KEY}@hub.lambdatest.com/wd/hub</arg>
<doc>Returns the given values which can then be assigned to a variables.</doc>
<status status="PASS" start="2024-07-02T11:28:11.608592" elapsed="0.000122"/>
</kw>
<kw name="Open Application" owner="AppiumLibrary">
<kw name="Capture Page Screenshot" owner="AppiumLibrary">
<doc>Takes a screenshot of the current page and embeds it into the log.</doc>
<status status="FAIL" start="2024-07-02T11:28:12.262761" elapsed="0.003374">No application is open</status>
</kw>
<msg time="2024-07-02T11:28:12.263680" level="FAIL">No application is open</msg>
<msg time="2024-07-02T11:28:12.268730" level="WARN">Keyword 'Capture Page Screenshot' could not be run on failure: No application is open</msg>
<msg time="2024-07-02T11:28:12.269007" level="FAIL">WebDriverException: Message: Looks like browser capability is missing, please refer to capability generator https://www.lambdatest.com/capabilities-generator or contact support
</msg>
<arg>${REMOTE_URL}</arg>
<arg>${CAPABILITIES}</arg>
<doc>Opens a new application to given Appium server.
Capabilities of appium server, Android and iOS,
Please check https://github.com/appium/appium/blob/master/docs/en/writing-running-appium/server-args.md
| *Option*            | *Man.* | *Description*     |
| remote_url          | Yes    | Appium server url |
| alias               | no     | alias             |
| strict_ssl          | No     | allows you to send commands to an invalid certificate host like a self-signed one. |</doc>
<status status="FAIL" start="2024-07-02T11:28:11.608777" elapsed="0.661012">WebDriverException: Message: Looks like browser capability is missing, please refer to capability generator https://www.lambdatest.com/capabilities-generator or contact support
</status>
</kw>
<timeout value="50 minutes"/>
<status status="FAIL" start="2024-07-02T11:28:11.608109" elapsed="0.661859">WebDriverException: Message: Looks like browser capability is missing, please refer to capability generator https://www.lambdatest.com/capabilities-generator or contact support
</status>
</kw>
<kw name="Finish session" owner="base" type="TEARDOWN">
<kw name="Capture Page Screenshot" owner="AppiumLibrary">
<kw name="Capture Page Screenshot" owner="AppiumLibrary">
<msg time="2024-07-02T11:28:12.271033" level="FAIL">No application is open</msg>
<doc>Takes a screenshot of the current page and embeds it into the log.</doc>
<status status="FAIL" start="2024-07-02T11:28:12.270916" elapsed="0.000562">No application is open</status>
</kw>
<msg time="2024-07-02T11:28:12.273362" level="WARN">Keyword 'Capture Page Screenshot' could not be run on failure: No application is open</msg>
<msg time="2024-07-02T11:28:12.273497" level="FAIL">No application is open</msg>
<doc>Takes a screenshot of the current page and embeds it into the log.</doc>
<status status="FAIL" start="2024-07-02T11:28:12.270710" elapsed="0.003039">No application is open</status>
</kw>
<kw name="Close All Applications" owner="AppiumLibrary">
<doc>Closes all open applications.</doc>
<status status="PASS" start="2024-07-02T11:28:12.274052" elapsed="0.002586"/>
</kw>
<status status="FAIL" start="2024-07-02T11:28:12.270410" elapsed="0.006425">No application is open</status>
</kw>
<tag>gavetao</tag>
<status status="FAIL" start="2024-07-02T11:28:11.607913" elapsed="0.669059">Setup failed:
WebDriverException: Message: Looks like browser capability is missing, please refer to capability generator https://www.lambdatest.com/capabilities-generator or contact support


Also teardown failed:
No application is open</status>
</test>
<test id="s1-t16" name="Acessar o menu pagar com QR Code pelo gavetao" line="121">
<kw name="Open lambda test app" owner="base" type="SETUP">
<kw name="Create Dictionary" owner="BuiltIn">
<msg time="2024-07-02T11:28:12.279138" level="INFO">${CAPABILITIES} = {'platformName': 'ios', 'platformVersion': '17', 'deviceName': 'iPhone 15', 'visual': 'True', 'network': 'True', 'devicelog': 'True', 'isRealMobile': 'True', 'name': 'LT_Appium_Robot_App_iOS', 'build'...</msg>
<var>${CAPABILITIES}</var>
<arg>platformName=${platformName}</arg>
<arg>platformVersion=${version}</arg>
<arg>deviceName=${deviceName}</arg>
<arg>visual=${visual}</arg>
<arg>network=${network}</arg>
<arg>devicelog=${devicelog}</arg>
<arg>isRealMobile=${isRealMobile}</arg>
<arg>name=LT_Appium_Robot_App_iOS</arg>
<arg>build=LT_Appium_Robot_App_Automation</arg>
<arg>app=${LT_APP_ID}</arg>
<doc>Creates and returns a dictionary based on the given ``items``.</doc>
<status status="PASS" start="2024-07-02T11:28:12.278667" elapsed="0.000501"/>
</kw>
<kw name="Set Variable" owner="BuiltIn">
<msg time="2024-07-02T11:28:12.279704" level="INFO">${REMOTE_URL} = https://fabricio.santos:qKjyRUVdbDo01XDl3qdK7hdbWHbCFTQNdknvqvbvHhjDLA8Dod@hub.lambdatest.com/wd/hub</msg>
<var>${REMOTE_URL}</var>
<arg>https://${LT_USERNAME}:${LT_ACCESS_KEY}@hub.lambdatest.com/wd/hub</arg>
<doc>Returns the given values which can then be assigned to a variables.</doc>
<status status="PASS" start="2024-07-02T11:28:12.279396" elapsed="0.000335"/>
</kw>
<kw name="Open Application" owner="AppiumLibrary">
<kw name="Capture Page Screenshot" owner="AppiumLibrary">
<doc>Takes a screenshot of the current page and embeds it into the log.</doc>
<status status="FAIL" start="2024-07-02T11:28:12.989504" elapsed="0.002185">No application is open</status>
</kw>
<msg time="2024-07-02T11:28:12.990198" level="FAIL">No application is open</msg>
<msg time="2024-07-02T11:28:12.995179" level="WARN">Keyword 'Capture Page Screenshot' could not be run on failure: No application is open</msg>
<msg time="2024-07-02T11:28:12.995519" level="FAIL">WebDriverException: Message: Looks like browser capability is missing, please refer to capability generator https://www.lambdatest.com/capabilities-generator or contact support
</msg>
<arg>${REMOTE_URL}</arg>
<arg>${CAPABILITIES}</arg>
<doc>Opens a new application to given Appium server.
Capabilities of appium server, Android and iOS,
Please check https://github.com/appium/appium/blob/master/docs/en/writing-running-appium/server-args.md
| *Option*            | *Man.* | *Description*     |
| remote_url          | Yes    | Appium server url |
| alias               | no     | alias             |
| strict_ssl          | No     | allows you to send commands to an invalid certificate host like a self-signed one. |</doc>
<status status="FAIL" start="2024-07-02T11:28:12.279861" elapsed="0.716628">WebDriverException: Message: Looks like browser capability is missing, please refer to capability generator https://www.lambdatest.com/capabilities-generator or contact support
</status>
</kw>
<timeout value="50 minutes"/>
<status status="FAIL" start="2024-07-02T11:28:12.277663" elapsed="0.719033">WebDriverException: Message: Looks like browser capability is missing, please refer to capability generator https://www.lambdatest.com/capabilities-generator or contact support
</status>
</kw>
<kw name="Finish session" owner="base" type="TEARDOWN">
<kw name="Capture Page Screenshot" owner="AppiumLibrary">
<kw name="Capture Page Screenshot" owner="AppiumLibrary">
<msg time="2024-07-02T11:28:12.997942" level="FAIL">No application is open</msg>
<doc>Takes a screenshot of the current page and embeds it into the log.</doc>
<status status="FAIL" start="2024-07-02T11:28:12.997809" elapsed="0.000637">No application is open</status>
</kw>
<msg time="2024-07-02T11:28:13.000657" level="WARN">Keyword 'Capture Page Screenshot' could not be run on failure: No application is open</msg>
<msg time="2024-07-02T11:28:13.000832" level="FAIL">No application is open</msg>
<doc>Takes a screenshot of the current page and embeds it into the log.</doc>
<status status="FAIL" start="2024-07-02T11:28:12.997612" elapsed="0.003517">No application is open</status>
</kw>
<kw name="Close All Applications" owner="AppiumLibrary">
<doc>Closes all open applications.</doc>
<status status="PASS" start="2024-07-02T11:28:13.001278" elapsed="0.002060"/>
</kw>
<status status="FAIL" start="2024-07-02T11:28:12.997224" elapsed="0.006223">No application is open</status>
</kw>
<tag>gavetao</tag>
<status status="FAIL" start="2024-07-02T11:28:12.277218" elapsed="0.726498">Setup failed:
WebDriverException: Message: Looks like browser capability is missing, please refer to capability generator https://www.lambdatest.com/capabilities-generator or contact support


Also teardown failed:
No application is open</status>
</test>
<test id="s1-t17" name="Acessar o menu pagar pessoas pelo gavetao" line="128">
<kw name="Open lambda test app" owner="base" type="SETUP">
<kw name="Create Dictionary" owner="BuiltIn">
<msg time="2024-07-02T11:28:13.005324" level="INFO">${CAPABILITIES} = {'platformName': 'ios', 'platformVersion': '17', 'deviceName': 'iPhone 15', 'visual': 'True', 'network': 'True', 'devicelog': 'True', 'isRealMobile': 'True', 'name': 'LT_Appium_Robot_App_iOS', 'build'...</msg>
<var>${CAPABILITIES}</var>
<arg>platformName=${platformName}</arg>
<arg>platformVersion=${version}</arg>
<arg>deviceName=${deviceName}</arg>
<arg>visual=${visual}</arg>
<arg>network=${network}</arg>
<arg>devicelog=${devicelog}</arg>
<arg>isRealMobile=${isRealMobile}</arg>
<arg>name=LT_Appium_Robot_App_iOS</arg>
<arg>build=LT_Appium_Robot_App_Automation</arg>
<arg>app=${LT_APP_ID}</arg>
<doc>Creates and returns a dictionary based on the given ``items``.</doc>
<status status="PASS" start="2024-07-02T11:28:13.004824" elapsed="0.000533"/>
</kw>
<kw name="Set Variable" owner="BuiltIn">
<msg time="2024-07-02T11:28:13.005780" level="INFO">${REMOTE_URL} = https://fabricio.santos:qKjyRUVdbDo01XDl3qdK7hdbWHbCFTQNdknvqvbvHhjDLA8Dod@hub.lambdatest.com/wd/hub</msg>
<var>${REMOTE_URL}</var>
<arg>https://${LT_USERNAME}:${LT_ACCESS_KEY}@hub.lambdatest.com/wd/hub</arg>
<doc>Returns the given values which can then be assigned to a variables.</doc>
<status status="PASS" start="2024-07-02T11:28:13.005517" elapsed="0.000283"/>
</kw>
<kw name="Open Application" owner="AppiumLibrary">
<kw name="Capture Page Screenshot" owner="AppiumLibrary">
<doc>Takes a screenshot of the current page and embeds it into the log.</doc>
<status status="FAIL" start="2024-07-02T11:28:13.656204" elapsed="0.007812">No application is open</status>
</kw>
<msg time="2024-07-02T11:28:13.662775" level="FAIL">No application is open</msg>
<msg time="2024-07-02T11:28:13.666551" level="WARN">Keyword 'Capture Page Screenshot' could not be run on failure: No application is open</msg>
<msg time="2024-07-02T11:28:13.666816" level="FAIL">WebDriverException: Message: Looks like browser capability is missing, please refer to capability generator https://www.lambdatest.com/capabilities-generator or contact support
</msg>
<arg>${REMOTE_URL}</arg>
<arg>${CAPABILITIES}</arg>
<doc>Opens a new application to given Appium server.
Capabilities of appium server, Android and iOS,
Please check https://github.com/appium/appium/blob/master/docs/en/writing-running-appium/server-args.md
| *Option*            | *Man.* | *Description*     |
| remote_url          | Yes    | Appium server url |
| alias               | no     | alias             |
| strict_ssl          | No     | allows you to send commands to an invalid certificate host like a self-signed one. |</doc>
<status status="FAIL" start="2024-07-02T11:28:13.005921" elapsed="0.661558">WebDriverException: Message: Looks like browser capability is missing, please refer to capability generator https://www.lambdatest.com/capabilities-generator or contact support
</status>
</kw>
<timeout value="50 minutes"/>
<status status="FAIL" start="2024-07-02T11:28:13.004441" elapsed="0.663190">WebDriverException: Message: Looks like browser capability is missing, please refer to capability generator https://www.lambdatest.com/capabilities-generator or contact support
</status>
</kw>
<kw name="Finish session" owner="base" type="TEARDOWN">
<kw name="Capture Page Screenshot" owner="AppiumLibrary">
<kw name="Capture Page Screenshot" owner="AppiumLibrary">
<msg time="2024-07-02T11:28:13.668569" level="FAIL">No application is open</msg>
<doc>Takes a screenshot of the current page and embeds it into the log.</doc>
<status status="FAIL" start="2024-07-02T11:28:13.668467" elapsed="0.000491">No application is open</status>
</kw>
<msg time="2024-07-02T11:28:13.671343" level="WARN">Keyword 'Capture Page Screenshot' could not be run on failure: No application is open</msg>
<msg time="2024-07-02T11:28:13.671635" level="FAIL">No application is open</msg>
<doc>Takes a screenshot of the current page and embeds it into the log.</doc>
<status status="FAIL" start="2024-07-02T11:28:13.668311" elapsed="0.003830">No application is open</status>
</kw>
<kw name="Close All Applications" owner="AppiumLibrary">
<doc>Closes all open applications.</doc>
<status status="PASS" start="2024-07-02T11:28:13.672393" elapsed="0.002091"/>
</kw>
<status status="FAIL" start="2024-07-02T11:28:13.668043" elapsed="0.006545">No application is open</status>
</kw>
<tag>gavetao</tag>
<status status="FAIL" start="2024-07-02T11:28:13.004010" elapsed="0.670652">Setup failed:
WebDriverException: Message: Looks like browser capability is missing, please refer to capability generator https://www.lambdatest.com/capabilities-generator or contact support


Also teardown failed:
No application is open</status>
</test>
<test id="s1-t18" name="Acessar o menu cobrar alguem pelo gavetao" line="135">
<kw name="Open lambda test app" owner="base" type="SETUP">
<kw name="Create Dictionary" owner="BuiltIn">
<msg time="2024-07-02T11:28:13.675963" level="INFO">${CAPABILITIES} = {'platformName': 'ios', 'platformVersion': '17', 'deviceName': 'iPhone 15', 'visual': 'True', 'network': 'True', 'devicelog': 'True', 'isRealMobile': 'True', 'name': 'LT_Appium_Robot_App_iOS', 'build'...</msg>
<var>${CAPABILITIES}</var>
<arg>platformName=${platformName}</arg>
<arg>platformVersion=${version}</arg>
<arg>deviceName=${deviceName}</arg>
<arg>visual=${visual}</arg>
<arg>network=${network}</arg>
<arg>devicelog=${devicelog}</arg>
<arg>isRealMobile=${isRealMobile}</arg>
<arg>name=LT_Appium_Robot_App_iOS</arg>
<arg>build=LT_Appium_Robot_App_Automation</arg>
<arg>app=${LT_APP_ID}</arg>
<doc>Creates and returns a dictionary based on the given ``items``.</doc>
<status status="PASS" start="2024-07-02T11:28:13.675567" elapsed="0.000418"/>
</kw>
<kw name="Set Variable" owner="BuiltIn">
<msg time="2024-07-02T11:28:13.676307" level="INFO">${REMOTE_URL} = https://fabricio.santos:qKjyRUVdbDo01XDl3qdK7hdbWHbCFTQNdknvqvbvHhjDLA8Dod@hub.lambdatest.com/wd/hub</msg>
<var>${REMOTE_URL}</var>
<arg>https://${LT_USERNAME}:${LT_ACCESS_KEY}@hub.lambdatest.com/wd/hub</arg>
<doc>Returns the given values which can then be assigned to a variables.</doc>
<status status="PASS" start="2024-07-02T11:28:13.676108" elapsed="0.000216"/>
</kw>
<kw name="Open Application" owner="AppiumLibrary">
<kw name="Capture Page Screenshot" owner="AppiumLibrary">
<doc>Takes a screenshot of the current page and embeds it into the log.</doc>
<status status="FAIL" start="2024-07-02T11:28:14.322441" elapsed="0.002947">No application is open</status>
</kw>
<msg time="2024-07-02T11:28:14.323382" level="FAIL">No application is open</msg>
<msg time="2024-07-02T11:28:14.328753" level="WARN">Keyword 'Capture Page Screenshot' could not be run on failure: No application is open</msg>
<msg time="2024-07-02T11:28:14.329050" level="FAIL">WebDriverException: Message: Looks like browser capability is missing, please refer to capability generator https://www.lambdatest.com/capabilities-generator or contact support
</msg>
<arg>${REMOTE_URL}</arg>
<arg>${CAPABILITIES}</arg>
<doc>Opens a new application to given Appium server.
Capabilities of appium server, Android and iOS,
Please check https://github.com/appium/appium/blob/master/docs/en/writing-running-appium/server-args.md
| *Option*            | *Man.* | *Description*     |
| remote_url          | Yes    | Appium server url |
| alias               | no     | alias             |
| strict_ssl          | No     | allows you to send commands to an invalid certificate host like a self-signed one. |</doc>
<status status="FAIL" start="2024-07-02T11:28:13.676432" elapsed="0.653382">WebDriverException: Message: Looks like browser capability is missing, please refer to capability generator https://www.lambdatest.com/capabilities-generator or contact support
</status>
</kw>
<timeout value="50 minutes"/>
<status status="FAIL" start="2024-07-02T11:28:13.675285" elapsed="0.654702">WebDriverException: Message: Looks like browser capability is missing, please refer to capability generator https://www.lambdatest.com/capabilities-generator or contact support
</status>
</kw>
<kw name="Finish session" owner="base" type="TEARDOWN">
<kw name="Capture Page Screenshot" owner="AppiumLibrary">
<kw name="Capture Page Screenshot" owner="AppiumLibrary">
<msg time="2024-07-02T11:28:14.348548" level="FAIL">No application is open</msg>
<doc>Takes a screenshot of the current page and embeds it into the log.</doc>
<status status="FAIL" start="2024-07-02T11:28:14.330987" elapsed="0.018052">No application is open</status>
</kw>
<msg time="2024-07-02T11:28:14.350906" level="WARN">Keyword 'Capture Page Screenshot' could not be run on failure: No application is open</msg>
<msg time="2024-07-02T11:28:14.351151" level="FAIL">No application is open</msg>
<doc>Takes a screenshot of the current page and embeds it into the log.</doc>
<status status="FAIL" start="2024-07-02T11:28:14.330787" elapsed="0.020662">No application is open</status>
</kw>
<kw name="Close All Applications" owner="AppiumLibrary">
<doc>Closes all open applications.</doc>
<status status="PASS" start="2024-07-02T11:28:14.351607" elapsed="0.001508"/>
</kw>
<status status="FAIL" start="2024-07-02T11:28:14.330446" elapsed="0.022756">No application is open</status>
</kw>
<tag>gavetao</tag>
<status status="FAIL" start="2024-07-02T11:28:13.674943" elapsed="0.678339">Setup failed:
WebDriverException: Message: Looks like browser capability is missing, please refer to capability generator https://www.lambdatest.com/capabilities-generator or contact support


Also teardown failed:
No application is open</status>
</test>
<doc>classe criada para a realização dos testes</doc>
<status status="FAIL" start="2024-07-02T11:28:02.912712" elapsed="11.440814"/>
</suite>
<statistics>
<total>
<stat pass="0" fail="16" skip="2">All Tests</stat>
</total>
<tag>
<stat pass="0" fail="10" skip="0">dia_a_dia</stat>
<stat pass="0" fail="1" skip="0">footer</stat>
<stat pass="0" fail="5" skip="0">gavetao</stat>
</tag>
<suite>
<stat pass="0" fail="16" skip="2" id="s1" name="Picpay">Picpay</stat>
</suite>
</statistics>
<errors>
<msg time="2024-07-02T11:28:03.797643" level="WARN">Keyword 'Capture Page Screenshot' could not be run on failure: No application is open</msg>
<msg time="2024-07-02T11:28:03.801968" level="WARN">Keyword 'Capture Page Screenshot' could not be run on failure: No application is open</msg>
<msg time="2024-07-02T11:28:04.486232" level="WARN">Keyword 'Capture Page Screenshot' could not be run on failure: No application is open</msg>
<msg time="2024-07-02T11:28:04.490941" level="WARN">Keyword 'Capture Page Screenshot' could not be run on failure: No application is open</msg>
<msg time="2024-07-02T11:28:05.159489" level="WARN">Keyword 'Capture Page Screenshot' could not be run on failure: No application is open</msg>
<msg time="2024-07-02T11:28:05.164206" level="WARN">Keyword 'Capture Page Screenshot' could not be run on failure: No application is open</msg>
<msg time="2024-07-02T11:28:05.984382" level="WARN">Keyword 'Capture Page Screenshot' could not be run on failure: No application is open</msg>
<msg time="2024-07-02T11:28:05.992175" level="WARN">Keyword 'Capture Page Screenshot' could not be run on failure: No application is open</msg>
<msg time="2024-07-02T11:28:06.742320" level="WARN">Keyword 'Capture Page Screenshot' could not be run on failure: No application is open</msg>
<msg time="2024-07-02T11:28:06.744571" level="WARN">Keyword 'Capture Page Screenshot' could not be run on failure: No application is open</msg>
<msg time="2024-07-02T11:28:07.499672" level="WARN">Keyword 'Capture Page Screenshot' could not be run on failure: No application is open</msg>
<msg time="2024-07-02T11:28:07.503196" level="WARN">Keyword 'Capture Page Screenshot' could not be run on failure: No application is open</msg>
<msg time="2024-07-02T11:28:08.220171" level="WARN">Keyword 'Capture Page Screenshot' could not be run on failure: No application is open</msg>
<msg time="2024-07-02T11:28:08.225368" level="WARN">Keyword 'Capture Page Screenshot' could not be run on failure: No application is open</msg>
<msg time="2024-07-02T11:28:08.997320" level="WARN">Keyword 'Capture Page Screenshot' could not be run on failure: No application is open</msg>
<msg time="2024-07-02T11:28:09.002928" level="WARN">Keyword 'Capture Page Screenshot' could not be run on failure: No application is open</msg>
<msg time="2024-07-02T11:28:09.561881" level="WARN">Keyword 'Capture Page Screenshot' could not be run on failure: No application is open</msg>
<msg time="2024-07-02T11:28:09.566403" level="WARN">Keyword 'Capture Page Screenshot' could not be run on failure: No application is open</msg>
<msg time="2024-07-02T11:28:10.277307" level="WARN">Keyword 'Capture Page Screenshot' could not be run on failure: No application is open</msg>
<msg time="2024-07-02T11:28:10.282176" level="WARN">Keyword 'Capture Page Screenshot' could not be run on failure: No application is open</msg>
<msg time="2024-07-02T11:28:10.949437" level="WARN">Keyword 'Capture Page Screenshot' could not be run on failure: No application is open</msg>
<msg time="2024-07-02T11:28:10.953484" level="WARN">Keyword 'Capture Page Screenshot' could not be run on failure: No application is open</msg>
<msg time="2024-07-02T11:28:11.603086" level="WARN">Keyword 'Capture Page Screenshot' could not be run on failure: No application is open</msg>
<msg time="2024-07-02T11:28:11.606270" level="WARN">Keyword 'Capture Page Screenshot' could not be run on failure: No application is open</msg>
<msg time="2024-07-02T11:28:12.268730" level="WARN">Keyword 'Capture Page Screenshot' could not be run on failure: No application is open</msg>
<msg time="2024-07-02T11:28:12.273362" level="WARN">Keyword 'Capture Page Screenshot' could not be run on failure: No application is open</msg>
<msg time="2024-07-02T11:28:12.995179" level="WARN">Keyword 'Capture Page Screenshot' could not be run on failure: No application is open</msg>
<msg time="2024-07-02T11:28:13.000657" level="WARN">Keyword 'Capture Page Screenshot' could not be run on failure: No application is open</msg>
<msg time="2024-07-02T11:28:13.666551" level="WARN">Keyword 'Capture Page Screenshot' could not be run on failure: No application is open</msg>
<msg time="2024-07-02T11:28:13.671343" level="WARN">Keyword 'Capture Page Screenshot' could not be run on failure: No application is open</msg>
<msg time="2024-07-02T11:28:14.328753" level="WARN">Keyword 'Capture Page Screenshot' could not be run on failure: No application is open</msg>
<msg time="2024-07-02T11:28:14.350906" level="WARN">Keyword 'Capture Page Screenshot' could not be run on failure: No application is open</msg>
</errors>
</robot>
